Unity Player [version: Unity 5.4.1f1_649f48bbbf0f]

game.exe caused an Access Violation (0xc0000005)
  in module game.exe at 0023:009aa1b6.

Error occurred at 2017-03-22_133608.
C:\Users\Hari\Documents\Tanks_project\game.exe, run by Hari.
38% memory in use.
0 MB physical memory [0 MB free].
0 MB paging file [0 MB free].
0 MB user address space [3697 MB free].
Read from location 000005d4 caused an access violation.

Context:
EDI:    0x00000000  ESI: 0x04584310  EAX:   0x018fd6e0
EBX:    0x00000000  ECX: 0x00000000  EDX:   0x00000002
EIP:    0x009aa1b6  EBP: 0x018fd6cc  SegCs: 0x00000023
EFlags: 0x00210287  ESP: 0x018fd6c8  SegSs: 0x0000002b

Bytes at CS:EIP:
83 bf d4 05 00 00 00 75 07 32 c0 5f 5d c2 04 00 

Stack:
0x018fd6c8: 011e1f95 018fd6fc 009929a9 018fd6e0 .........)......
0x018fd6d8: 00000003 04584310 666e6f63 01006769 .....CX.config..
0x018fd6e8: 75f5d880 0d60f0a7 00000006 0000000f ...u..`.........
0x018fd6f8: 0064e234 018fd704 00991d37 018fd71c 4.d.....7.......
0x018fd708: 00991e26 00000002 00993b7d 00000000 &.......};......
0x018fd718: 013685f0 018fd738 00993bcf 00000003 ..6.8....;......
0x018fd728: c77fa866 477fa866 00000000 00000000 f...f..G........
0x018fd738: 018fd76c 00990db5 04584310 00000003 l........CX.....
0x018fd748: c77fa866 477fa866 00000000 00000000 f...f..G........
0x018fd758: 011e1e75 045842b8 00000000 013685f0 u....BX.......6.
0x018fd768: 00000000 018fd7d4 00991984 00000003 ................
0x018fd778: c77fa866 477fa866 00000000 00000000 f...f..G........
0x018fd788: 013688f4 00000000 013688f4 03820300 ..6.......6.....
0x018fd798: 00000001 1eaf2470 03f1bfc0 00000000 ....p$..........
0x018fd7a8: 0000000f 00fd5ff7 0382cf70 03f71b80 ....._..p.......
0x018fd7b8: 018fd7dc 00808883 00000021 0000002f ........!.../...
0x018fd7c8: 00000000 f50d106c 0000015a 018fd7e0 ....l...Z.......
0x018fd7d8: 009919a7 00000003 018fd7fc 003cf161 ............a.<.
0x018fd7e8: 045842b8 00000000 00000000 03f1bfc0 .BX.............
0x018fd7f8: 00000000 018fd81c 005b9ccf 00000000 ..........[.....
0x018fd808: 00000006 00000000 fffffffe 018fd84c ............L...
0x018fd818: 00000086 018fd84c 006511d4 00000000 ....L.....e.....
0x018fd828: 00000001 00000000 00000001 00650fd0 ..............e.
0x018fd838: 00000000 0000001c 00000001 00002898 .............(..
0x018fd848: 00000000 018fd878 764ad2b3 001402d6 ....x.....Jv....
0x018fd858: 00000006 00000001 00000000 00000001 ................
0x018fd868: dcbaabcd 00650fd0 00000000 00000001 ......e.........
0x018fd878: 018fd960 7648e88a 00650fd0 001402d6 `.....Hv..e.....
0x018fd888: 00000006 00000001 00000000 e0f6a795 ................
0x018fd898: 00000000 00000000 00000006 00020000 ................
0x018fd8a8: 00000040 00000000 774dfdfa 113ce9f0 @.........Mw..<.
0x018fd8b8: 113ce9f4 00000000 00000000 a7835f0a ..<.........._..
0x018fd8c8: 00000024 00000001 00000000 00000000 $...............
0x018fd8d8: 00000070 ffffffff 00000024 00000001 p.......$.......
0x018fd8e8: 00000000 00000000 00000030 ffffffff ........0.......
0x018fd8f8: ffffffff 7648e71c 00000000 00000000 ......Hv........
0x018fd908: 00000000 00000000 00000000 00000000 ................
0x018fd918: 00650fd0 00000000 020c09f8 00000000 ..e.............
0x018fd928: 80000011 00000000 00000000 80000011 ................
0x018fd938: 00000000 00000001 001402d6 e0f6a795 ................
0x018fd948: 018fd9a8 018fd0f8 018fd9b0 764b15b0 ..............Kv
0x018fd958: 972b3175 00000000 018fd9c0 7648e4c0 u1+...........Hv
0x018fd968: 00650fd0 00000000 00000006 00000001 ..e.............
0x018fd978: 00000000 01677000 00000001 e0f6a735 .....pg.....5...
0x018fd988: 018fdb24 778b24b0 00000000 00000000 $....$.w........
0x018fd998: 018fd9f8 00000000 001402d6 00000000 ................
0x018fd9a8: 018fd984 018fd0f8 018fda10 764b15b0 ..............Kv
0x018fd9b8: 972b3195 fffffffe 018fda00 76498b09 .1+...........Iv
0x018fd9c8: 022cd2e0 00000000 00000006 00000001 ..,.............
0x018fd9d8: 00000000 00650fd0 00000400 00000001 ......e.........
0x018fd9e8: 00000000 00000000 018fda04 00000000 ................
0x018fd9f8: 00000000 e0f6a4f5 018fda6c 778a08c6 ........l......w
0x018fda08: 018fda1c 00000020 018fdaec 778a0810 .... ..........w
0x018fda18: 018fda40 022cd2e0 00000000 00000006 @.....,.........
0x018fda28: 00000001 00000000 00650fd0 778b24b0 ..........e..$.w
0x018fda38: 00000000 7630249c 76496ad7 018fdb24 .....$0v.jIv$...
0x018fda48: 000405b6 00000400 00007fff 00000003 ................
0x018fda58: 018fddc8 01677000 018fddc8 113d0160 .....pg.....`.=.
0x018fda68: 113ce780 018fdaa4 76496a6d 00000400 ..<.....mjIv....
0x018fda78: 00007fff 00000003 00000000 018fddc8 ................
0x018fda88: 018fdb24 018fddc8 00006271 0ae45528 $.......qb..(U..
0x018fda98: 01679f60 01677000 018fdba8 018fdafc `.g..pg.........
0x018fdaa8: 7755aae6 018fdb24 000405b6 00000400 ..Uw$...........
0x018fdab8: 00007fff 00000003 da99b142 018fddc8 ........B.......
0x018fdac8: 00000000 00000002 01b47ae0 0ae454d8 .........z...T..
0x018fdad8: 00000000 018fddc8 00000000 018fdac0 ................
0x018fdae8: 00000178 018fe3e0 775c0330 ac7e6cde x.......0.\w.l~.
0x018fdaf8: 00000000 018fdb40 7755ad8f 018fdb24 ....@.....Uw$...
0x018fdb08: 000405b6 00000400 00007fff 00000003 ................
0x018fdb18: 20034bf8 018fddc8 75f5d880 0d60f347 .K. .......uG.`.
0x018fdb28: 763024ac 764985f6 00005dff 76498600 .$0v..Iv.]....Iv
0x018fdb38: e0f6a5c9 00000442 018fdb64 7755b2a5 ....B...d.....Uw
0x018fdb48: 0c73fe50 0c8a9298 018fddc8 0c8a9298 P.s.............
0x018fdb58: 20034bf8 ffffffff da99b0da 018fdc24 .K. ........$...
0x018fdb68: 77547301 018fdbb0 00000002 018fdba8 .sTw............
0x018fdb78: 0c73fe50 01b4f6c8 1133bef8 00001dfc P.s.......3.....
0x018fdb88: 000007ff 0c73fe50 00000002 0c746d9c ....P.s......mt.
0x018fdb98: 00000000 018fdef4 00000000 0c8a9298 ................
0x018fdba8: ffffffff 018fddc8 00000354 00000754 ........T...T...
0x018fdbb8: 0ead60c8 00000000 00000000 00000000 .`..............
0x018fdbc8: 00000000 018fdb00 00000000 00000000 ................
0x018fdbd8: 00000000 00000000 01b40000 00000000 ................
0x018fdbe8: 0c819d18 7759fbe7 da99b04a 018fdc00 ......YwJ.......
0x018fdbf8: 775bf9a3 0c819d18 018fdc18 7753ae31 ..[w........1.Sw
0x018fdc08: 0c819d18 00000136 00000000 000000c0 ....6...........
0x018fdc18: 46000000 da99b03a 00000001 018fdd38 ...F:.......8...
0x018fdc28: 77558306 0c746d9c 77558160 018fdef4 ..Uw.mt.`.Uw....
0x018fdc38: 0c73fe50 775383ee 018fdecc 00000000 P.s...Sw........
0x018fdc48: 018fdef4 00000000 018fdef4 0ae41e58 ............X...
0x018fdc58: 00000000 00000000 20034bf8 00000000 .........K. ....
0x018fdc68: 00000000 ffffffff ffffffff 00000000 ................
0x018fdc78: 00000000 00000000 00000000 00000000 ................
0x018fdc88: 00000000 00000000 00000136 00000000 ........6.......
0x018fdc98: 000000c0 46000000 da99b702 e7da6605 .......F.....f..
0x018fdca8: 00000272 e7da6605 8a0ab56c 018fdce8 r....f..l.......
0x018fdcb8: 77887269 774e55e8 0000001e 01590b54 ir.w.UNw....T.Y.
0x018fdcc8: 0000001e 00000001 01580000 018fdd24 ..........X.$...
0x018fdcd8: 00000000 774e55e8 015832bc 01580000 .....UNw.2X...X.
0x018fdce8: 018fdd04 77887166 0000001e 018fdd3f ....fq.w....?...
0x018fdcf8: 774bc5f8 01580000 00000040 018fdd2c ..Kw..X.@...,...
0x018fdd08: 77869376 00000000 018fdd3f 018fdd24 v..w....?...$...
0x018fdd18: 00005dff 01b4f6c8 0c73fe50 00140014 .]......P.s.....
0x018fdd28: 01589388 018fdd40 775c0d5d da99b782 ..X.@...].\w....
0x018fdd38: 018fdea8 77557bef 018fdef4 018fdecc .....{Uw........
0x018fdd48: 0c73fe50 018fdfe0 018fdef4 0028be06 P.s...........(.
0x018fdd58: 00000000 018fdef4 018fdecc 00000000 ................
0x018fdd68: 01b4f6c8 00000000 000000c0 46000000 ...............F
0x018fdd78: 574f454d 00000004 000001a2 00000000 MEOW............
0x018fdd88: 000000c0 46000000 00000338 00000000 .......F8.......
0x018fdd98: 000000c0 46000000 00000000 000019d0 .......F........
0x018fdda8: 00000010 774e02d0 77535c90 77535dfc ......Nw.\Sw.]Sw
0x018fddb8: da99b602 018fddec 775367fe 774e02d0 .........gSw..Nw
0x018fddc8: 774b4704 00000001 00000000 00000000 .GKw............
0x018fddd8: 00000000 00000000 80010115 018fde38 ............8...
0x018fdde8: 00000000 00000000 00000000 77878480 ...............w
0x018fddf8: 00000000 00000000 00005dff e28d3f9f .........]...?..
0x018fde08: 429e104e ce206398 82aeb3c8 00000000 N..B.c .........
0x018fde18: 00000000 00000000 20034bf8 00000000 .........K. ....
0x018fde28: 00000000 00000000 00000000 0eaf8258 ............X...
0x018fde38: 00000000 00000000 00000000 00000000 ................
0x018fde48: 00000000 018fde58 775bf9a3 0ae41e58 ....X.....[wX...
0x018fde58: 018fdea8 775a472d 0ae41e58 0000001c ....-GZwX.......
0x018fde68: 018fdfe0 775a4590 775a471f 00001a00 .....EZw.GZw....
0x018fde78: 00000000 113ccd4c 113ccd48 00001a28 ....L.<.H.<.(...
0x018fde88: 00000000 018fde94 018fe924 000001a2 ........$.......
0x018fde98: 00000000 000000c0 46000000 da99b6ea ...........F....
0x018fdea8: 018fded4 774d3045 018fdef4 018fdecc ....E0Mw........
0x018fdeb8: 018fe924 018fe120 774d2f70 0c73fe50 $... ...p/MwP.s.
0x018fdec8: 018fdef4 00000000 da99b56a 018fe3f0 ........j.......
0x018fded8: 76d95a9a 0c91c964 018fdfe0 a7836432 .Z.vd.......2d..
0x018fdee8: 00000000 018fe428 018fe96c 0c73fe50 ....(...l...P.s.
0x018fdef8: 00000010 00000000 00001a10 00008004 ................
0x018fdf08: 00000000 0c73cc68 0ecdfb50 0ecdfb50 ....h.s.P...P...
0x018fdf18: 00000017 00000000 018fe924 774ff832 ........$...2.Ow
0x018fdf28: 00000000 01679000 00000000 00000000 ......g.........
0x018fdf38: 01b400c0 00000000 00000017 01b40260 ............`...
0x018fdf48: 018fe174 00000006 018ff2c4 778a67b0 t............g.w
0x018fdf58: ac36edae 018fdfe0 018fdfe0 77875c95 ..6..........\.w
0x018fdf68: 774ff832 00000208 00000000 00000000 2.Ow............
0x018fdf78: 01679000 01b40000 00000200 018fdfe0 ..g.............
0x018fdf88: 00000000 018fdfe0 018fe924 00000000 ........$.......
0x018fdf98: 01b4b6a0 0ecdfb6c 00000000 00000003 ....l...........
0x018fdfa8: 00000000 774bb0b8 0ed00538 00000001 ......Kw8.......
0x018fdfb8: 00000004 00000000 01b4b6a0 00000016 ................
0x018fdfc8: 01560000 01562090 00000004 018fe924 ..V.. V.....$...
0x018fdfd8: 00000000 7793e501 018fdef4 113ce750 .......w....P.<.
0x018fdfe8: 00000000 00000000 00000000 00001a38 ............8...
0x018fdff8: 00000000 00000000 00000001 00000000 ................
0x018fe008: 00000000 00000000 00000000 00000000 ................
0x018fe018: 0001000c 00000000 00000000 00000000 ................
0x018fe028: 775c0910 775c0900 018fe428 00000000 ..\w..\w(.......
0x018fe038: 00000000 00000000 774bbfd0 00000000 ..........Kw....
0x018fe048: 00000000 00000000 00000140 00000000 ........@.......
0x018fe058: 00000000 00000000 00000000 11356a50 ............Pj5.
0x018fe068: 00000000 00000000 00000000 00000000 ................
0x018fe078: 00000000 00000003 018fcea0 00000000 ................
0x018fe088: 00000000 00000000 00000000 00000000 ................
0x018fe098: 00000000 00000000 00000000 018fe120 ............ ...
0x018fe0a8: 00000000 00000000 00000000 00000000 ................
0x018fe0b8: 00000000 76db2d4c 0ea88e14 0ea88d90 ....L-.v........
0x018fe0c8: 01b4b6dc 00000060 00000001 00000000 ....`...........
0x018fe0d8: 774fdd9a 0ae41d68 76db2bad 018fe924 ..Owh....+.v$...
0x018fe0e8: 00000000 00000000 00000000 774e48cc .............HNw
0x018fe0f8: 00000000 018fe120 00000000 00000000 .... ...........
0x018fe108: 0c91c964 0ecdfb90 774e48cc 018fdfe0 d........HNw....
0x018fe118: 00000004 774ff832 8a885d04 0000006c ....2.Ow.]..l...
0x018fe128: 774e48be 774e48b4 00000004 774e48cc .HNw.HNw.....HNw
0x018fe138: 018fe428 00000c33 00000000 774e48be (...3........HNw
0x018fe148: 774fdd9a 00000022 00000000 00000000 ..Ow"...........
0x018fe158: 00000000 00000001 00000014 00000000 ................
0x018fe168: 00000000 00000000 00000000 76dab520 ............ ..v
0x018fe178: 00000000 00000000 00000000 00000000 ................
0x018fe188: 76dcf2b0 76dcf3a0 00000000 00000000 ...v...v........
0x018fe198: 00000000 00000000 00000000 00000000 ................
0x018fe1a8: 00000000 00000000 00000000 018fe1c8 ................
0x018fe1b8: 018fe1b8 018fe1b8 000001f8 00000000 ................
0x018fe1c8: 00000011 00000001 0ea88e14 0ea88d90 ................
0x018fe1d8: 00000000 018fe1fc 76dbbc32 0ea88e14 ........2..v....
0x018fe1e8: 0ea88d90 0000000a 00000000 00000000 ................
0x018fe1f8: 00000000 018fe28c 76db1418 774e13a8 ...........v..Nw
0x018fe208: 00000006 0000000a 00000000 00000000 ................
0x018fe218: 00000000 00000000 00000003 00000000 ................
0x018fe228: 00000001 00000001 00000000 00000000 ................
0x018fe238: 00000000 00000000 00000001 00000000 ................
0x018fe248: 00000000 00000000 76db1431 018ff2c4 ........1..v....
0x018fe258: 00000000 77877447 da2b8cc6 00001720 ....Gt.w..+. ...
0x018fe268: 01b40000 00001714 00000001 00000000 ................
0x018fe278: 02000002 00000000 3c005864 00000006 ........dX.<....
0x018fe288: a783654e 018fe360 02000002 0ea88d90 Ne..`...........
0x018fe298: 3c005864 00000000 7756b691 ffffaa80 dX.<......Vw....
0x018fe2a8: 01b46f88 7756b239 774e00a0 01b83d78 .o..9.Vw..Nwx=..
0x018fe2b8: 7756b24c 0c746cdc 3c005864 ffffac20 L.Vw.lt.dX.< ...
0x018fe2c8: 0ecdd438 11356e28 da9988fe 00000000 8...(n5.........
0x018fe2d8: 00000000 000002e2 3c005864 00000006 ........dX.<....
0x018fe2e8: 0000000a 00000006 01b40000 00000001 ................
0x018fe2f8: 01b47ae0 00000000 00000000 000007ff .z..............
0x018fe308: 00000484 01b400c0 01b47a74 00000000 ........tz......
0x018fe318: 00000000 00000004 00001720 018fe354 ........ ...T...
0x018fe328: 0000077f 00000000 00000404 00000000 ................
0x018fe338: 01000100 00000001 00000484 113cbcc8 ..............<.
0x018fe348: 00000001 00000000 00000000 11356e20 ............ n5.
0x018fe358: 11356e20 00180002 11356e28 11356e28  n5.....(n5.(n5.
0x018fe368: fffffffe 00000000 00746d5c 00000001 ........\mt.....
0x018fe378: 000001a0 0000003b 00000000 00006cd8 ....;........l..
0x018fe388: 01b400c0 00000000 00000120 01b479d0 ........ ....y..
0x018fe398: da998822 00000001 018ff2c4 778a67b0 "............g.w
0x018fe3a8: ac36edae fffffffe 018fe3f0 77875c95 ..6..........\.w
0x018fe3b8: 00001714 00001720 01b48474 00000000 .... ...t.......
0x018fe3c8: 774dfa48 018fe750 018fe3f4 a7836432 H.MwP.......2d..
0x018fe3d8: 018fdee4 00000000 018ff2c4 76dd4aa0 .............J.v
0x018fe3e8: d0ef27e2 00000001 018fe410 774d3a80 .'...........:Mw
0x018fe3f8: 774bbfd0 774e48b4 018fe428 774beff4 ..Kw.HNw(.....Kw
0x018fe408: 018fe924 00000014 018fe420 775c2abf $....... ....*\w
0x018fe418: 018fe428 00000004 018fe490 7752fe79 (...........y.Rw
0x018fe428: 0c91c964 00000000 018fe924 018fe484 d.......$.......
0x018fe438: 018fe924 774b3400 00000000 00000014 $....4Kw........
0x018fe448: 00000000 00000000 018fe92c 018fec60 ........,...`...
0x018fe458: 018fee14 018fee30 00000000 00000000 ....0...........
0x018fe468: 00000ee4 0ec4cd80 84b45490 000001b4 .........T......
0x018fe478: 11356e28 00000b8a 00000000 00000000 (n5.............
0x018fe488: 00000000 da998ffa 018fe6f0 77532ed6 ..............Sw
0x018fe498: 018fe924 018fefc0 00000000 00000000 $...............
0x018fe4a8: 00000000 00000000 00000000 00000000 ................
0x018fe4b8: 00000000 00000000 00000000 00000000 ................
0x018fe4c8: 00000000 00000000 00000000 00000000 ................
0x018fe4d8: 00000000 00000000 00000000 00000000 ................
0x018fe4e8: 00000000 00000000 00000000 00000000 ................
0x018fe4f8: 00000000 00000000 00000000 00000000 ................
0x018fe508: 00000000 00000000 00000000 00000000 ................
0x018fe518: 00000000 00000000 00000000 00000000 ................
0x018fe528: 00000000 00000000 00000000 00000000 ................
0x018fe538: 00000000 00000000 00000000 00000000 ................
0x018fe548: 00000000 00000000 00000000 00000000 ................
0x018fe558: 00000000 00000000 00000000 00000000 ................
0x018fe568: 00000000 00000000 00000000 00000000 ................
0x018fe578: 00000000 00000000 00000000 00000000 ................
0x018fe588: 00000000 00000000 00000000 00000000 ................
0x018fe598: 00000000 00000000 00000000 00000000 ................
0x018fe5a8: 00000000 00000000 00000000 00000000 ................
0x018fe5b8: 00000000 00000000 00000000 00000000 ................
0x018fe5c8: 00000000 00000000 00000000 00000000 ................
0x018fe5d8: 00000000 00000000 00000000 00000000 ................
0x018fe5e8: 00000000 00000000 00000000 00000000 ................
0x018fe5f8: 00000000 00000000 00000000 00000000 ................
0x018fe608: 00000000 00000000 00000000 00000000 ................
0x018fe618: 00000000 00000000 00000000 00000000 ................
0x018fe628: 00000000 00000000 00000000 00000000 ................
0x018fe638: 00000000 00000000 00000000 00000000 ................
0x018fe648: 00000000 00000000 00000000 00000000 ................
0x018fe658: 00000000 00000000 00000000 00000000 ................
0x018fe668: 00000000 00000000 00000000 00000000 ................
0x018fe678: 00000000 00000000 00000000 00000000 ................
0x018fe688: 00000000 00000000 00000000 00000000 ................
0x018fe698: 00000000 00000000 00000000 00000000 ................
0x018fe6a8: 00000000 00000000 00000000 00000000 ................
0x018fe6b8: 00000000 00000000 00000000 77532e11 ..............Sw
0x018fe6c8: 018fe924 77532d80 00000000 00000000 $....-Sw........
0x018fe6d8: 00000000 018fe750 00000000 00000000 ....P...........
0x018fe6e8: 77533050 da998d4e 018fe73c 77536de2 P0SwN...<....mSw
0x018fe6f8: 77687258 00000000 018fe924 018fefc0 Xrhw....$.......
0x018fe708: 00000000 00000014 00000001 018fe73c ............<...
0x018fe718: 77535f50 018fecbc 018fefc0 018fe934 P_Sw........4...
0x018fe728: 00000014 00000000 77535f6a da998c82 ........j_Sw....
0x018fe738: da998c82 018ff098 775777a0 018fe924 .........wWw$...
0x018fe748: 00000000 018fefc0 774b339c 774b33e0 .........3Kw.3Kw
0x018fe758: 774b33f0 00000003 00000338 00000000 .3Kw....8.......
0x018fe768: 000000c0 46000000 00000000 00000000 .......F........
0x018fe778: 00000001 000019c8 000000c0 00000000 ................
0x018fe788: 00000000 00000006 00000000 00000000 ................
0x018fe798: 00000000 00000000 018fe828 018fe8e8 ........(.......
0x018fe7a8: 00000000 00000000 00000000 00000000 ................
0x018fe7b8: 00000000 00000000 00000000 00000000 ................
0x018fe7c8: 00000000 00000000 00000000 00000000 ................
0x018fe7d8: 00000000 00000000 000019d0 00000000 ................
0x018fe7e8: 00000001 00000000 018fe940 018fee34 ........@...4...
0x018fe7f8: 018fecc0 018feda4 018fec94 018fec64 ............d...
0x018fe808: 018fee18 00000000 00000000 00000000 ................
0x018fe818: 00000000 00000000 00000000 00000006 ................
0x018fe828: 000001b9 00000000 000000c0 46000000 ...............F
0x018fe838: 000001ab 00000000 000000c0 46000000 ...............F
0x018fe848: 000001a5 00000000 000000c0 46000000 ...............F
0x018fe858: 000001a4 00000000 000000c0 46000000 ...............F
0x018fe868: 000001a6 00000000 000000c0 46000000 ...............F
0x018fe878: 000001aa 00000000 000000c0 46000000 ...............F
0x018fe888: 775707ec 00000000 00000000 77688a61 ..Ww........a.hw
0x018fe898: 77688a60 776861a0 00000004 00000000 `.hw.ahw........
0x018fe8a8: 00000000 00000000 00000000 00000000 ................
0x018fe8b8: 00000000 00000000 00000000 00000000 ................
0x018fe8c8: 00000000 00000000 00000000 00000000 ................
0x018fe8d8: 00000000 00000000 00000000 00000000 ................
0x018fe8e8: 00000068 00000058 00000090 00000020 h...X....... ...
0x018fe8f8: 00000020 00001778 00000000 00000000  ...x...........
0x018fe908: 00000000 00000000 00000000 00000000 ................
0x018fe918: 000000c0 00000000 00000000 774b3400 .............4Kw
0x018fe928: 774b3448 774b3460 00000002 00000000 H4Kw`4Kw........
0x018fe938: 00000000 00000014 00000001 00000000 ................
0x018fe948: 00000000 00000000 00000000 0c913770 ............p7..
0x018fe958: 00000000 018fecbc 00000000 018feda0 ................
0x018fe968: 018fec90 00000000 018fee30 00000000 ........0.......
0x018fe978: 00000000 00000000 774b3480 774b34c0 .........4Kw.4Kw
0x018fe988: 774b34d0 00000001 00000339 00000000 .4Kw....9.......
0x018fe998: 000000c0 46000000 00000000 00000000 .......F........
0x018fe9a8: 00000001 00000000 00000000 00000000 ................
0x018fe9b8: 00000004 00000000 00000000 00000000 ................
0x018fe9c8: 00000000 00000000 00000000 00000000 ................
0x018fe9d8: 00000000 00000000 00000000 00000000 ................
0x018fe9e8: 00000000 00000000 00000000 00000000 ................
0x018fe9f8: 00000000 00000000 00000000 00000000 ................
0x018fea08: 00000000 00000000 00000000 00000000 ................
0x018fea18: 00000000 00000001 015607d0 00000000 ..........V.....
0x018fea28: 00000000 00000000 00000000 00000000 ................
0x018fea38: 00000000 00000000 00000000 00000000 ................
0x018fea48: 00000000 00000000 00000000 00000000 ................
0x018fea58: 015601d0 00000020 01560d78 00380036 ..V. ...x.V.6.8.
0x018fea68: 018feaa0 77875c0c 00000024 00000000 .....\.w$.......
0x018fea78: 0ae2c650 77875b00 00000014 00000030 P....[.w....0...
0x018fea88: 00000000 00000000 00000006 00000002 ................
0x018fea98: 00000000 0eaf7e98 018feab4 77875b32 .....~......2[.w
0x018feaa8: 00000000 00000000 0eaf7e98 0ae2c650 .........~..P...
0x018feab8: 775cce70 018feaf4 7757048b 0ae2c650 p.\w......WwP...
0x018feac8: 00000014 018feb18 7757049a 018feb10 ..........Ww....
0x018fead8: 00000000 018feb14 00000014 0000000e ................
0x018feae8: 00000000 8bc3f05e da99814a 018feb50 ....^...J...P...
0x018feaf8: 77570707 018feb18 00000014 018fec60 ..Ww........`...
0x018feb08: 0c913770 018febfc 6b637453 00000014 p7......Stck....
0x018feb18: 8bc3f05e 11d0d86b c00075a0 2088b64f ^...k....u..O.. 
0x018feb28: 00000000 fffffffe 77570d6d 77570696 ........m.Ww..Ww
0x018feb38: 018ff084 00000000 7757072e 0ae2c650 ..........WwP...
0x018feb48: 8bc3f05e 00000000 018feef4 774b34e0 ^............4Kw
0x018feb58: 774b3508 00000000 774b3518 00000000 .5Kw.....5Kw....
0x018feb68: 00000000 00000000 00000000 00000000 ................
0x018feb78: 00000000 00000000 00000000 2088b64f ............O.. 
0x018feb88: 00000000 fffffffe 77570d6d 7757154c ........m.WwL.Ww
0x018feb98: 77573d10 00000014 77571bd4 77871dba .=Ww......Ww...w
0x018feba8: 018fec90 00000040 018fec08 018fec04 ....@...........
0x018febb8: 77871efc 00000000 00000000 018fed04 ...w............
0x018febc8: 77871e40 00000000 00000000 00000000 @..w............
0x018febd8: 00000000 00000000 015e1738 000007a0 ........8.^.....
0x018febe8: 00000000 00000018 00000003 00000000 ................
0x018febf8: 00000002 00000000 77688608 00000000 ..........hw....
0x018fec08: 00000000 00000000 00000000 da2b0000 ..............+.
0x018fec18: 00000000 018fecdc 00000000 018fefdc ................
0x018fec28: 00000000 00000000 00000000 00000000 ................
0x018fec38: 774b353c 774b3564 00000000 00000000 <5Kwd5Kw........
0x018fec48: 00000000 00000000 00000000 018feb78 ............x...
0x018fec58: 00000000 774b3588 774b35e4 774b35f8 .....5Kw.5Kw.5Kw
0x018fec68: 018fe754 00000000 00000001 00000000 T...............
0x018fec78: 00000000 00000000 00000000 00000000 ................
0x018fec88: 00000000 00000000 774b361c 774b3650 .........6KwP6Kw
0x018fec98: 018fe754 00000000 00000001 00000000 T...............
0x018feca8: 00000000 00000000 00000000 00000000 ................
0x018fecb8: 00000000 774b3674 774b3684 018fe754 ....t6Kw.6KwT...
0x018fecc8: 00000000 00000001 8bc3f05e 11d0d86b ........^...k...
0x018fecd8: c00075a0 2088b64f 00000014 00000000 .u..O.. ........
0x018fece8: 00000000 00000001 00000000 018fed00 ................
0x018fecf8: 00000058 00070005 f309ad18 11d0d86a X...........j...
0x018fed08: c00075a0 2088b64f 77570d6d 00000000 .u..O.. m.Ww....
0x018fed18: da2b823a 00000000 76360000 00000001 :.+.......6v....
0x018fed28: 00000000 76360100 00000000 018fed18 ......6v........
0x018fed38: 00800000 018ff0a0 778a67b0 ac36ee1e .........g.w..6.
0x018fed48: fffffffe 018fed90 7786eb45 00000001 ........E..w....
0x018fed58: 76360000 00000000 00000000 018fed84 ..6v............
0x018fed68: 01b4de80 00000000 00000000 01b504c8 ................
0x018fed78: 7787041a 018fedc8 76360000 76360100 ...w......6v..6v
0x018fed88: 00000000 00002963 018fee24 778b1e39 ....c)..$...9..w
0x018fed98: 00000009 018fee80 774b36a8 774b36d8 .........6Kw.6Kw
0x018feda8: 018fe754 00000000 00000001 774b36fc T............6Kw
0x018fedb8: 00000000 00000000 00000000 00000000 ................
0x018fedc8: 0c914fd8 00000000 00000000 00000000 .O..............
0x018fedd8: 00000000 00000000 01b68448 00000000 ........H.......
0x018fede8: 00000000 774b370c 774b3740 00000000 .....7Kw@7Kw....
0x018fedf8: 00000000 00000000 00000000 00000000 ................
0x018fee08: 00000000 00000000 00000000 774b3764 ............d7Kw
0x018fee18: 774b378c 018fe754 00000000 00000001 .7KwT...........
0x018fee28: 018fe468 00000000 774b37b0 774b381c h........7Kw.8Kw
0x018fee38: 018fe754 00000000 00000001 7786f07a T...........z..w
0x018fee48: 0000000c 00000000 00000000 00000000 ................
0x018fee58: 00000002 00000000 00000000 00000000 ................
0x018fee68: 00000000 00000000 00000014 00000002 ................
0x018fee78: 00000000 00000000 00000000 00000000 ................
0x018fee88: 00000000 00000000 00000000 00000000 ................
0x018fee98: 00000000 00000000 774b3840 774b385c ........@8Kw\8Kw
0x018feea8: 00000000 00000000 00000000 00000000 ................
0x018feeb8: 00000000 c00075a0 774b3880 774b3894 .....u...8Kw.8Kw
0x018feec8: 00000000 00000000 00000000 8bc3f05e ............^...
0x018feed8: 00000000 00000000 774b38b8 774b38d4 .........8Kw.8Kw
0x018feee8: 00000000 00000000 00000000 7757504c ............LPWw
0x018feef8: 00000000 00000000 00000000 00000000 ................
0x018fef08: 00000000 775775ac 00000014 01b4f6c8 .....uWw........
0x018fef18: 00000000 00000028 00000000 0e42ce68 ....(.......h.B.
0x018fef28: 018fef38 10015d22 0e42ce68 018fef54 8..."]..h.B.T...
0x018fef38: 018fef58 10053932 6af86903 00000000 X...29...i.j....
0x018fef48: 0e603300 77877447 da2b9fd6 018ff074 .3`.Gt.w..+.t...
0x018fef58: 41e90f3e 463356c1 8b6ec381 70dd8bac >..A.V3F..n....p
0x018fef68: 774e07ac 00000008 00000000 00000014 ..Nw............
0x018fef78: 00000000 00000000 018fefe4 00000000 ................
0x018fef88: 77870788 00000001 018ff260 00000000 ...w....`.......
0x018fef98: 00000000 00000000 00000001 00000000 ................
0x018fefa8: 7793f9f8 00000000 00000000 00000000 ...w............
0x018fefb8: 00000000 00000000 00000000 018ff124 ............$...
0x018fefc8: 00000000 00000000 80004005 80004002 .........@...@..
0x018fefd8: 018ff198 00000000 00000000 00000000 ................
0x018fefe8: 004b378c 00000000 018fe750 77535f00 .7K.....P...._Sw
0x018feff8: 00000000 00000000 00000000 00000000 ................
0x018ff008: 00000000 00000000 f309ad18 11d0d86a ............j...
0x018ff018: c00075a0 2088b64f 00000000 00000000 .u..O.. ........
0x018ff028: 00000000 00000000 00000001 00000000 ................
0x018ff038: 018ff000 018ff008 018ff010 00000000 ................
0x018ff048: 00000000 00000000 00000000 00000000 ................
0x018ff058: 00000000 00000000 00000000 00000000 ................
0x018ff068: 00000000 00000000 00000000 8bc3f05e ............^...
0x018ff078: 11d0d86b c00075a0 2088b64f 8bc3f05e k....u..O.. ^...
0x018ff088: 11d0d86b c00075a0 2088b64f da999b26 k....u..O.. &...
0x018ff098: 018ff14c 77576ba2 00000014 00000000 L....kWw........
0x018ff0a8: 00000001 00000000 018ff198 00000000 ................
0x018ff0b8: 00000000 00000000 00000000 00000000 ................
0x018ff0c8: 01b4f6c8 6f2811e8 00000000 00000000 ......(o........
0x018ff0d8: 00000000 018ff198 00000000 00000000 ................
0x018ff0e8: 00000000 00000000 00000000 0ead7868 ............hx..
0x018ff0f8: 00000019 6f2832e8 01560000 01560000 .....2(o..V...V.
0x018ff108: 0ec230c0 00000019 0ec230e0 1fffffff .0.......0......
0x018ff118: 01560de4 00000000 015601c0 0000001d ..V.......V.....
0x018ff128: 01560de0 018ff170 018ff168 77875c0c ..V.p...h....\.w
0x018ff138: 00000004 00000000 00000002 da999b7a ............z...
0x018ff148: 0c90f548 018ff170 775b686f 00000014 H...p...oh[w....
0x018ff158: 00000000 00000001 018ff198 00000000 ................
0x018ff168: 0c90f548 01b4f6c8 018ff1a4 6f282069 H...........i (o
0x018ff178: 6f2811e8 00000000 00000014 00000000 ..(o............
0x018ff188: 00000001 018ff198 00000000 00000000 ................
0x018ff198: 6f2811f8 00000000 80004002 018ff2d0 ..(o.....@......
0x018ff1a8: 6f2823e3 018ff1f8 00000001 00000000 .#(o............
0x018ff1b8: 81373f72 0c90f548 0c90f548 0ec4cadc r?7.H...H.......
0x018ff1c8: 00000000 00000000 00000000 00000000 ................
0x018ff1d8: 00000000 00000000 00000000 00000000 ................
0x018ff1e8: 00000000 00000000 dc12a687 11cf737f .............s..
0x018ff1f8: 00000000 0ec23480 018ff224 00000000 .....4..$.......
0x018ff208: 00000000 00000000 00000001 00000000 ................
0x018ff218: 018ff1e0 018ff1e8 018ff1f0 00000009 ................
0x018ff228: 00000000 0ec4cc18 00000000 00000003 ................
0x018ff238: 00000000 00000000 00000000 018ff2c0 ................
0x018ff248: 778704f2 018ff260 018ff3dc 00000000 ...w`...........
0x018ff258: 00000000 01b40000 00000002 0ec4cc18 ................
0x018ff268: 00000000 00000000 00000000 0ec23480 .............4..
0x018ff278: 00000000 0ec4cc18 00000000 00000001 ................
0x018ff288: 0c90f010 00000000 01560000 01560000 ..........V...V.
0x018ff298: 0ec23480 0c90f548 00010000 00000000 .4..H...........
0x018ff2a8: 0056096c 00000000 015601c4 00000000 l.V.......V.....
0x018ff2b8: 01560968 c0000135 81373f72 018ff348 h.V.5...r?7.H...
0x018ff2c8: 6f283f42 00000005 018ff304 6f281ba9 B?(o..........(o
0x018ff2d8: 0ec4cadc 00000000 00000000 00000000 ................
0x018ff2e8: 00000000 00000000 00000000 018ff3dc ................
0x018ff2f8: 6f283de0 0c90f548 00000000 018ff354 .=(oH.......T...
0x018ff308: 6f282a1f 0ec4cadc 00000000 00000000 .*(o............
0x018ff318: 00000000 00000000 00000000 00000000 ................
0x018ff328: 018ff3dc 81373ef6 018ff3dc 0ec23120 .....>7..... 1..
0x018ff338: 00000000 0c90f548 00000000 81373ef6 ....H........>7.
0x018ff348: 018ff9d4 6f283f83 ffffffff 018ff394 .....?(o........
0x018ff358: 004b3bb2 0ec23120 0ec4cadc 00000000 .;K. 1..........
0x018ff368: 00000000 00000000 00000000 00000000 ................
0x018ff378: 00000000 018ff3dc 0000000f 00000000 ................
0x018ff388: 00000010 037e6b00 0ec23120 018ff3e0 .....k~. 1......
0x018ff398: 004b5baa 04584310 00000000 0382d2d0 .[K..CX.........
0x018ff3a8: 0382d2d0 013aef80 00000000 018ff3c8 ......:.........
0x018ff3b8: 004a6b04 0382d2d0 00000000 04584310 .kJ..........CX.
0x018ff3c8: 018ff3d8 004a6bc2 00000000 0000000f .....kJ.........
0x018ff3d8: 018ff4d4 00000000 018ff4d4 00992895 .............(..
0x018ff3e8: 00000010 04584310 00000000 018ff40c .....CX.........
0x018ff3f8: 004a53f5 0382f1f0 00000010 00000010 .SJ.............
0x018ff408: 013aef80 018ff444 342e3575 3166312e ..:.D...u5.4.1f1
0x018ff418: 00000000 0000002f 00000008 0000000f ..../...........
0x018ff428: 00000030 0382d2d0 0000002f 018ff520 0......./... ...
0x018ff438: 0000000f 00000020 0000002f 018ff464 .... .../...d...
0x018ff448: 646e6957 5073776f 6579616c 00000072 WindowsPlayer...
0x018ff458: 0000000d 0000000f 0000004b 0382d2d0 ........K.......
0x018ff468: 0039f739 00000030 00000010 00000020 9.9.0....... ...
0x018ff478: 0000002f 0113dea8 0000004b 018ff4b8 /.......K.......
0x018ff488: 0039fd96 00000030 00000000 00000024 ..9.0.......$...
0x018ff498: 04584320 342e3500 3166312e 04584300  CX..5.4.1f1.CX.
0x018ff4a8: 018ff494 00000000 0000000f 018ff4d4 ................
0x018ff4b8: 0382cf00 0382f1f0 0382f5e0 00000024 ............$...
0x018ff4c8: 00000000 0000000f 00000000 018ff4dc ................
0x018ff4d8: 00991d2a 018ff4ec 00992467 00000001 *.......g$......
0x018ff4e8: 04584310 018ff57c 00993a68 018ff520 .CX.|...h:.. ...
0x018ff4f8: 00000001 04584310 00000000 00000000 .....CX.........
0x018ff508: 00000000 da2b9ca2 018ff564 00000000 ......+.d.......
0x018ff518: 0000000f 7789e6ac 0382f5e0 0000073c .......w....<...
0x018ff528: 7913300b 00000002 00000024 0000002f .0.y....$.../...
0x018ff538: 00000010 018ff500 004a6b04 0382f5e0 .........kJ.....
0x018ff548: 7913300b 00000000 0000000f 018ff9d4 .0.y............
0x018ff558: 0382f4c0 0d60f0a7 fffffffe 018ff5a0 ......`.........
0x018ff568: 00000024 0000002f 011e1e75 04584310 $.../...u....CX.
0x018ff578: 018ff58c 018ff58c 00993b55 00000000 ........U;......
0x018ff588: 013685f0 018ff5a8 00993bcf 00000001 ..6......;......
0x018ff598: 4796e208 4796e208 00000000 00000000 ...G...G........
0x018ff5a8: 018ff5dc 00990db5 04584310 00000001 .........CX.....
0x018ff5b8: 4796e208 4796e208 00000000 00000000 ...G...G........
0x018ff5c8: 011e1e75 045842b8 00000000 013685f0 u....BX.......6.
0x018ff5d8: 00000000 018ff644 00991984 00000001 ....D...........
0x018ff5e8: 4796e208 4796e208 00000000 00000000 ...G...G........
0x018ff5f8: 00000002 00000003 013652d0 03820300 .........R6.....
0x018ff608: 03820350 037fa3b0 018ff680 00000000 P...............
0x018ff618: 0000000f 00000002 0382f4c0 018ff614 ................
0x018ff628: 018ff9d4 00000000 00000021 0000002f ........!.../...
0x018ff638: 018ff654 f50d1065 00000000 018ff650 T...e.......P...
0x018ff648: 00991ada 00000001 018ff678 005df8a0 ........x.....].
0x018ff658: 045842b8 ffffffbc 03fb19e0 00000002 .BX.............
0x018ff668: 03fb19e0 037f7a01 03fb1950 013652ac .....z..P....R6.
0x018ff678: 018ff6e0 005e05cf ffffffbc 03fb19e0 ......^.........
0x018ff688: 00000002 037f7a40 03fb1950 037f7a01 ....@z..P....z..
0x018ff698: 038201f0 038201f0 00000000 03fb19a4 ................
0x018ff6a8: 018ff6bc 03820210 00000000 038201f0 ................
0x018ff6b8: 00000000 018ff6cc 004a6b60 038201f0 ........`kJ.....

Module 1
C:\Users\Hari\Documents\Tanks_project\game.exe
Image Base: 0x00390000  Image Size: 0x011b8000
File Size:  17729536    File Time:  2016-09-01_160248
Version:
   Company:    
   Product:    
   FileDesc:   
   FileVer:    5.4.1.40776
   ProdVer:    5.4.1.40776

Module 2
C:\WINDOWS\system32\nvspcap.dll
Image Base: 0x10000000  Image Size: 0x00144000
File Size:  1320304     File Time:  2015-07-01_095250
Version:
   Company:    NVIDIA Corporation
   Product:    NVIDIA GeForce Experience
   FileDesc:   NVIDIA Capture Server Proxy
   FileVer:    2.4.5.28
   ProdVer:    2.4.5.28

Module 3
C:\WINDOWS\SYSTEM32\xinput1_3.dll
Image Base: 0x00400000  Image Size: 0x00016000
File Size:  81768       File Time:  2007-04-05_072342
Version:
   Company:    Microsoft Corporation
   Product:    Microsoft® DirectX for Windows®
   FileDesc:   Microsoft Common Controller API
   FileVer:    9.18.944.0
   ProdVer:    9.18.944.0

Module 4
C:\Users\Hari\Documents\Tanks_project\game_Data\Mono\mono.dll
Image Base: 0x10000000  Image Size: 0x00230000
File Size:  2113496     File Time:  2016-09-01_160800
Version:
   Company:    Unity Technologies
   Product:    libmono
   FileDesc:   Unity Technologies fork of mono runtime
   FileVer:    1.0.0.1
   ProdVer:    1.0.0.1

Module 5
C:\WINDOWS\System32\DriverStore\FileRepository\nvhm.inf_amd64_7c553af4468727c1\nvwgf2um.dll
Image Base: 0x62d10000  Image Size: 0x013bc000
File Size:  20941160    File Time:  2017-02-10_175022
Version:
   Company:    NVIDIA Corporation
   Product:    NVIDIA D3D10 drivers
   FileDesc:   NVIDIA D3D10 Driver, Version 376.82 
   FileVer:    21.21.13.7682
   ProdVer:    21.21.13.7682

Module 6
C:\WINDOWS\SYSTEM32\dxgi.dll
Image Base: 0x6add0000  Image Size: 0x00083000
File Size:  524776      File Time:  2017-03-04_122404
Version:
   Company:    Microsoft Corporation
   Product:    Microsoft® Windows® Operating System
   FileDesc:   DirectX Graphics Infrastructure
   FileVer:    10.0.14393.953
   ProdVer:    10.0.14393.953

Module 7
C:\WINDOWS\SYSTEM32\d3d11.dll
Image Base: 0x6ae60000  Image Size: 0x00230000
File Size:  2277288     File Time:  2017-03-04_122414
Version:
   Company:    Microsoft Corporation
   Product:    Microsoft® Windows® Operating System
   FileDesc:   Direct3D 11 Runtime
   FileVer:    10.0.14393.953
   ProdVer:    10.0.14393.953

Module 8
C:\WINDOWS\SYSTEM32\DDRAW.dll
Image Base: 0x6ba20000  Image Size: 0x000ed000
File Size:  548352      File Time:  2017-03-04_114812
Version:
   Company:    Microsoft Corporation
   Product:    Microsoft® Windows® Operating System
   FileDesc:   Microsoft DirectDraw
   FileVer:    10.0.14393.953
   ProdVer:    10.0.14393.953

Module 9
C:\WINDOWS\SYSTEM32\OPENGL32.dll
Image Base: 0x6bfd0000  Image Size: 0x000e0000
File Size:  786944      File Time:  2016-07-16_171306
Version:
   Company:    Microsoft Corporation
   Product:    Microsoft® Windows® Operating System
   FileDesc:   OpenGL Client DLL
   FileVer:    10.0.14393.0
   ProdVer:    10.0.14393.0

Module 10
C:\WINDOWS\SYSTEM32\dbghelp.dll
Image Base: 0x6e120000  Image Size: 0x00145000
File Size:  1220608     File Time:  2016-07-16_171258
Version:
   Company:    Microsoft
   Product:    Microsoft® Windows® Operating System
   FileDesc:   Windows Image Helper
   FileVer:    10.0.14321.1024
   ProdVer:    10.0.14321.1024

Module 11
C:\WINDOWS\SYSTEM32\HID.DLL
Image Base: 0x6e7d0000  Image Size: 0x0000a000
File Size:  25600       File Time:  2016-07-16_171250
Version:
   Company:    Microsoft Corporation
   Product:    Microsoft® Windows® Operating System
   FileDesc:   Hid User Library
   FileVer:    10.0.14393.0
   ProdVer:    10.0.14393.0

Module 12
C:\WINDOWS\SYSTEM32\GLU32.dll
Image Base: 0x6e7e0000  Image Size: 0x00025000
File Size:  141312      File Time:  2016-07-16_171306
Version:
   Company:    Microsoft Corporation
   Product:    Microsoft® Windows® Operating System
   FileDesc:   OpenGL Utility Library DLL
   FileVer:    10.0.14393.0
   ProdVer:    10.0.14393.0

Module 13
C:\WINDOWS\WinSxS\x86_microsoft.windows.common-controls_6595b64144ccf1df_6.0.14393.953_none_89c2555adb023171\comctl32.dll
Image Base: 0x6eca0000  Image Size: 0x0020a000
File Size:  2121568     File Time:  2017-03-04_121648
Version:
   Company:    Microsoft Corporation
   Product:    Microsoft® Windows® Operating System
   FileDesc:   User Experience Controls Library
   FileVer:    6.10.14393.953
   ProdVer:    10.0.14393.953

Module 14
C:\WINDOWS\system32\dwmapi.dll
Image Base: 0x6f040000  Image Size: 0x0001f000
File Size:  113504      File Time:  2016-09-15_224352
Version:
   Company:    Microsoft Corporation
   Product:    Microsoft® Windows® Operating System
   FileDesc:   Microsoft Desktop Window Manager API
   FileVer:    10.0.14393.206
   ProdVer:    10.0.14393.206

Module 15
C:\WINDOWS\system32\wbem\fastprox.dll
Image Base: 0x6f060000  Image Size: 0x000c2000
File Size:  779776      File Time:  2016-07-16_171258
Version:
   Company:    Microsoft Corporation
   Product:    Microsoft® Windows® Operating System
   FileDesc:   WMI Custom Marshaller
   FileVer:    10.0.14393.0
   ProdVer:    10.0.14393.0

Module 16
C:\WINDOWS\SYSTEM32\wbemcomn.dll
Image Base: 0x6f130000  Image Size: 0x00067000
File Size:  391168      File Time:  2016-07-16_171258
Version:
   Company:    Microsoft Corporation
   Product:    Microsoft® Windows® Operating System
   FileDesc:   WMI
   FileVer:    10.0.14393.0
   ProdVer:    10.0.14393.0

Module 17
C:\WINDOWS\SYSTEM32\DCIMAN32.dll
Image Base: 0x6f240000  Image Size: 0x00007000
File Size:  11776       File Time:  2016-07-16_171250
Version:
   Company:    Microsoft Corporation
   Product:    Microsoft® Windows® Operating System
   FileDesc:   DCI Manager
   FileVer:    10.0.14393.0
   ProdVer:    10.0.14393.0

Module 18
C:\WINDOWS\system32\wbem\wbemsvc.dll
Image Base: 0x6f270000  Image Size: 0x00010000
File Size:  48640       File Time:  2016-07-16_171258
Version:
   Company:    Microsoft Corporation
   Product:    Microsoft® Windows® Operating System
   FileDesc:   WMI
   FileVer:    10.0.14393.0
   ProdVer:    10.0.14393.0

Module 19
C:\WINDOWS\system32\wbem\wbemprox.dll
Image Base: 0x6f280000  Image Size: 0x0000d000
File Size:  35328       File Time:  2016-07-16_171258
Version:
   Company:    Microsoft Corporation
   Product:    Microsoft® Windows® Operating System
   FileDesc:   WMI
   FileVer:    10.0.14393.0
   ProdVer:    10.0.14393.0

Module 20
C:\WINDOWS\SYSTEM32\midimap.dll
Image Base: 0x6f390000  Image Size: 0x00008000
File Size:  18944       File Time:  2016-07-16_171250
Version:
   Company:    Microsoft Corporation
   Product:    Microsoft® Windows® Operating System
   FileDesc:   Microsoft MIDI Mapper
   FileVer:    10.0.14393.0
   ProdVer:    10.0.14393.0

Module 21
C:\WINDOWS\SYSTEM32\MSACM32.dll
Image Base: 0x6f3a0000  Image Size: 0x00018000
File Size:  90912       File Time:  2016-07-16_171250
Version:
   Company:    Microsoft Corporation
   Product:    Microsoft® Windows® Operating System
   FileDesc:   Microsoft ACM Audio Filter
   FileVer:    10.0.14393.0
   ProdVer:    10.0.14393.0

Module 22
C:\WINDOWS\SYSTEM32\msacm32.drv
Image Base: 0x6f3c0000  Image Size: 0x0000a000
File Size:  24576       File Time:  2016-07-16_171250
Version:
   Company:    Microsoft Corporation
   Product:    Microsoft® Windows® Operating System
   FileDesc:   Microsoft Sound Mapper
   FileVer:    10.0.14393.0
   ProdVer:    10.0.14393.0

Module 23
C:\WINDOWS\SYSTEM32\wintypes.dll
Image Base: 0x6f3d0000  Image Size: 0x000cf000
File Size:  846560      File Time:  2017-03-04_122046
Version:
   Company:    Microsoft Corporation
   Product:    Microsoft® Windows® Operating System
   FileDesc:   Windows Base Types DLL
   FileVer:    10.0.14393.953
   ProdVer:    10.0.14393.953

Module 24
C:\WINDOWS\SYSTEM32\AUDIOSES.DLL
Image Base: 0x6f4a0000  Image Size: 0x0007b000
File Size:  484584      File Time:  2017-03-04_132742
Version:
   Company:    Microsoft Corporation
   Product:    Microsoft® Windows® Operating System
   FileDesc:   Audio Session
   FileVer:    10.0.14393.953
   ProdVer:    10.0.14393.953

Module 25
C:\WINDOWS\SYSTEM32\wdmaud.drv
Image Base: 0x6f520000  Image Size: 0x00039000
File Size:  207360      File Time:  2016-07-16_171250
Version:
   Company:    Microsoft Corporation
   Product:    Microsoft® Windows® Operating System
   FileDesc:   Winmm  audio system driver
   FileVer:    10.0.14393.0
   ProdVer:    10.0.14393.0

Module 26
C:\WINDOWS\System32\PROPSYS.dll
Image Base: 0x6f560000  Image Size: 0x0014f000
File Size:  1375456     File Time:  2016-07-16_171256
Version:
   Company:    Microsoft Corporation
   Product:    Windows® Search
   FileDesc:   Microsoft Property System
   FileVer:    7.0.14393.0
   ProdVer:    7.0.14393.0

Module 27
C:\WINDOWS\SYSTEM32\AVRT.dll
Image Base: 0x6f7b0000  Image Size: 0x00009000
File Size:  29448       File Time:  2016-07-16_171250
Version:
   Company:    Microsoft Corporation
   Product:    Microsoft® Windows® Operating System
   FileDesc:   Multimedia Realtime Runtime
   FileVer:    10.0.14393.0
   ProdVer:    10.0.14393.0

Module 28
C:\WINDOWS\SYSTEM32\ksuser.dll
Image Base: 0x6f7c0000  Image Size: 0x00007000
File Size:  20672       File Time:  2016-07-16_171250
Version:
   Company:    Microsoft Corporation
   Product:    Microsoft® Windows® Operating System
   FileDesc:   User CSA Library
   FileVer:    10.0.14393.0
   ProdVer:    10.0.14393.0

Module 29
C:\WINDOWS\System32\MMDevApi.dll
Image Base: 0x6f7d0000  Image Size: 0x00058000
File Size:  352760      File Time:  2017-03-04_121734
Version:
   Company:    Microsoft Corporation
   Product:    Microsoft® Windows® Operating System
   FileDesc:   MMDevice API
   FileVer:    10.0.14393.953
   ProdVer:    10.0.14393.953

Module 30
C:\WINDOWS\system32\uxtheme.dll
Image Base: 0x6f880000  Image Size: 0x00075000
File Size:  457728      File Time:  2016-07-16_171306
Version:
   Company:    Microsoft Corporation
   Product:    Microsoft® Windows® Operating System
   FileDesc:   Microsoft UxTheme Library
   FileVer:    10.0.14393.0
   ProdVer:    10.0.14393.0

Module 31
C:\WINDOWS\SYSTEM32\ntmarta.dll
Image Base: 0x728c0000  Image Size: 0x00028000
File Size:  154432      File Time:  2016-07-16_171256
Version:
   Company:    Microsoft Corporation
   Product:    Microsoft® Windows® Operating System
   FileDesc:   Windows NT MARTA provider
   FileVer:    10.0.14393.0
   ProdVer:    10.0.14393.0

Module 32
C:\WINDOWS\system32\rsaenh.dll
Image Base: 0x728f0000  Image Size: 0x0002f000
File Size:  184416      File Time:  2016-07-16_171256
Version:
   Company:    Microsoft Corporation
   Product:    Microsoft® Windows® Operating System
   FileDesc:   Microsoft Enhanced Cryptographic Provider
   FileVer:    10.0.14393.0
   ProdVer:    10.0.14393.0

Module 33
C:\WINDOWS\SYSTEM32\CRYPTSP.dll
Image Base: 0x72920000  Image Size: 0x00013000
File Size:  68720       File Time:  2016-07-16_171256
Version:
   Company:    Microsoft Corporation
   Product:    Microsoft® Windows® Operating System
   FileDesc:   Cryptographic Service Provider API
   FileVer:    10.0.14393.0
   ProdVer:    10.0.14393.0

Module 34
C:\WINDOWS\SYSTEM32\dhcpcsvc.DLL
Image Base: 0x72b00000  Image Size: 0x00014000
File Size:  63488       File Time:  2016-07-16_171256
Version:
   Company:    Microsoft Corporation
   Product:    Microsoft® Windows® Operating System
   FileDesc:   DHCP Client Service
   FileVer:    10.0.14393.0
   ProdVer:    10.0.14393.0

Module 35
C:\WINDOWS\SYSTEM32\dhcpcsvc6.DLL
Image Base: 0x72b20000  Image Size: 0x00013000
File Size:  57344       File Time:  2016-07-16_171256
Version:
   Company:    Microsoft Corporation
   Product:    Microsoft® Windows® Operating System
   FileDesc:   DHCPv6 Client
   FileVer:    10.0.14393.0
   ProdVer:    10.0.14393.0

Module 36
C:\Windows\System32\rasadhlp.dll
Image Base: 0x72c40000  Image Size: 0x00008000
File Size:  13312       File Time:  2016-07-16_171302
Version:
   Company:    Microsoft Corporation
   Product:    Microsoft® Windows® Operating System
   FileDesc:   Remote Access AutoDial Helper
   FileVer:    10.0.14393.0
   ProdVer:    10.0.14393.0

Module 37
C:\WINDOWS\SYSTEM32\bcrypt.dll
Image Base: 0x72c50000  Image Size: 0x0001b000
File Size:  106896      File Time:  2016-12-09_153100
Version:
   Company:    Microsoft Corporation
   Product:    Microsoft® Windows® Operating System
   FileDesc:   Windows Cryptographic Primitives Library
   FileVer:    10.0.14393.576
   ProdVer:    10.0.14393.576

Module 38
C:\WINDOWS\System32\DEVOBJ.dll
Image Base: 0x72c70000  Image Size: 0x00022000
File Size:  132232      File Time:  2016-07-16_171256
Version:
   Company:    Microsoft Corporation
   Product:    Microsoft® Windows® Operating System
   FileDesc:   Device Information Set DLL
   FileVer:    10.0.14393.0
   ProdVer:    10.0.14393.0

Module 39
C:\Program Files (x86)\Bonjour\mdnsNSP.dll
Image Base: 0x72cc0000  Image Size: 0x00021000
File Size:  121704      File Time:  2011-08-31_113502
Version:
   Company:    Apple Inc.
   Product:    Bonjour
   FileDesc:   Bonjour Namespace Provider
   FileVer:    3.0.0.10
   ProdVer:    3.0.0.10

Module 40
C:\WINDOWS\SYSTEM32\MSWSOCK.dll
Image Base: 0x736c0000  Image Size: 0x0004e000
File Size:  306016      File Time:  2016-07-16_171256
Version:
   Company:    Microsoft Corporation
   Product:    Microsoft® Windows® Operating System
   FileDesc:   Microsoft Windows Sockets 2.0 Service Provider
   FileVer:    10.0.14393.0
   ProdVer:    10.0.14393.0

Module 41
C:\WINDOWS\SYSTEM32\DNSAPI.dll
Image Base: 0x73980000  Image Size: 0x0007d000
File Size:  497416      File Time:  2017-03-04_123934
Version:
   Company:    Microsoft Corporation
   Product:    Microsoft® Windows® Operating System
   FileDesc:   DNS Client API DLL
   FileVer:    10.0.14393.953
   ProdVer:    10.0.14393.953

Module 42
C:\WINDOWS\SYSTEM32\WINHTTP.dll
Image Base: 0x73a10000  Image Size: 0x000a0000
File Size:  636928      File Time:  2017-03-04_114630
Version:
   Company:    Microsoft Corporation
   Product:    Microsoft® Windows® Operating System
   FileDesc:   Windows HTTP Services
   FileVer:    10.0.14393.953
   ProdVer:    10.0.14393.953

Module 43
C:\WINDOWS\SYSTEM32\WINMMBASE.dll
Image Base: 0x73ac0000  Image Size: 0x00023000
File Size:  131208      File Time:  2016-07-16_171250
Version:
   Company:    Microsoft Corporation
   Product:    Microsoft® Windows® Operating System
   FileDesc:   Base Multimedia Extension API DLL
   FileVer:    10.0.14393.0
   ProdVer:    10.0.14393.0

Module 44
C:\WINDOWS\SYSTEM32\WINMM.dll
Image Base: 0x73b90000  Image Size: 0x00024000
File Size:  135376      File Time:  2016-07-16_171250
Version:
   Company:    Microsoft Corporation
   Product:    Microsoft® Windows® Operating System
   FileDesc:   MCI API DLL
   FileVer:    10.0.14393.0
   ProdVer:    10.0.14393.0

Module 45
C:\WINDOWS\SYSTEM32\IPHLPAPI.DLL
Image Base: 0x73bc0000  Image Size: 0x0002f000
File Size:  184416      File Time:  2017-03-04_123254
Version:
   Company:    Microsoft Corporation
   Product:    Microsoft® Windows® Operating System
   FileDesc:   IP Helper API
   FileVer:    10.0.14393.953
   ProdVer:    10.0.14393.953

Module 46
C:\WINDOWS\SYSTEM32\VERSION.dll
Image Base: 0x73bf0000  Image Size: 0x00008000
File Size:  27360       File Time:  2016-07-16_171306
Version:
   Company:    Microsoft Corporation
   Product:    Microsoft® Windows® Operating System
   FileDesc:   Version Checking and File Installation Libraries
   FileVer:    10.0.14393.0
   ProdVer:    10.0.14393.0

Module 47
C:\WINDOWS\System32\CRYPTBASE.dll
Image Base: 0x742e0000  Image Size: 0x0000a000
File Size:  31528       File Time:  2016-07-16_171250
Version:
   Company:    Microsoft Corporation
   Product:    Microsoft® Windows® Operating System
   FileDesc:   Base cryptographic API DLL
   FileVer:    10.0.14393.0
   ProdVer:    10.0.14393.0

Module 48
C:\WINDOWS\System32\SspiCli.dll
Image Base: 0x742f0000  Image Size: 0x0001e000
File Size:  117240      File Time:  2016-12-09_152110
Version:
   Company:    Microsoft Corporation
   Product:    Microsoft® Windows® Operating System
   FileDesc:   Security Support Provider Interface
   FileVer:    10.0.14393.576
   ProdVer:    10.0.14393.576

Module 49
C:\WINDOWS\System32\SHELL32.dll
Image Base: 0x74480000  Image Size: 0x013d9000
File Size:  20969928    File Time:  2017-03-04_121726
Version:
   Company:    Microsoft Corporation
   Product:    Microsoft® Windows® Operating System
   FileDesc:   Windows Shell Common Dll
   FileVer:    10.0.14393.953
   ProdVer:    10.0.14393.953

Module 50
C:\WINDOWS\System32\shcore.dll
Image Base: 0x758c0000  Image Size: 0x00088000
File Size:  549088      File Time:  2017-03-04_122300
Version:
   Company:    Microsoft Corporation
   Product:    Microsoft® Windows® Operating System
   FileDesc:   SHCORE
   FileVer:    10.0.14393.953
   ProdVer:    10.0.14393.953

Module 51
C:\WINDOWS\System32\PSAPI.DLL
Image Base: 0x75a50000  Image Size: 0x00006000
File Size:  17048       File Time:  2016-07-16_171246
Version:
   Company:    Microsoft Corporation
   Product:    Microsoft® Windows® Operating System
   FileDesc:   Process Status Helper
   FileVer:    10.0.14393.0
   ProdVer:    10.0.14393.0

Module 52
C:\WINDOWS\System32\WS2_32.dll
Image Base: 0x75be0000  Image Size: 0x00063000
File Size:  402352      File Time:  2016-09-15_230706
Version:
   Company:    Microsoft Corporation
   Product:    Microsoft® Windows® Operating System
   FileDesc:   Windows Socket 2.0 32-Bit DLL
   FileVer:    10.0.14393.206
   ProdVer:    10.0.14393.206

Module 53
C:\WINDOWS\System32\profapi.dll
Image Base: 0x75c50000  Image Size: 0x0000f000
File Size:  54752       File Time:  2016-07-16_171250
Version:
   Company:    Microsoft Corporation
   Product:    Microsoft® Windows® Operating System
   FileDesc:   User Profile Basic API
   FileVer:    10.0.14393.0
   ProdVer:    10.0.14393.0

Module 54
C:\WINDOWS\System32\MSCTF.dll
Image Base: 0x75c60000  Image Size: 0x00135000
File Size:  1260784     File Time:  2017-03-04_121230
Version:
   Company:    Microsoft Corporation
   Product:    Microsoft® Windows® Operating System
   FileDesc:   MSCTF Server DLL
   FileVer:    10.0.14393.953
   ProdVer:    10.0.14393.953

Module 55
C:\WINDOWS\System32\msvcrt.dll
Image Base: 0x75da0000  Image Size: 0x000be000
File Size:  773168      File Time:  2016-07-16_171250
Version:
   Company:    Microsoft Corporation
   Product:    Microsoft® Windows® Operating System
   FileDesc:   Windows NT CRT DLL
   FileVer:    7.0.14393.0
   ProdVer:    10.0.14393.0

Module 56
C:\WINDOWS\System32\KERNELBASE.dll
Image Base: 0x75e60000  Image Size: 0x001a1000
File Size:  1706488     File Time:  2017-03-04_123638
Version:
   Company:    Microsoft Corporation
   Product:    Microsoft® Windows® Operating System
   FileDesc:   Windows NT BASE API Client DLL
   FileVer:    10.0.14393.953
   ProdVer:    10.0.14393.953

Module 57
C:\WINDOWS\System32\KERNEL32.DLL
Image Base: 0x76010000  Image Size: 0x000e0000
File Size:  616048      File Time:  2016-07-16_171246
Version:
   Company:    Microsoft Corporation
   Product:    Microsoft® Windows® Operating System
   FileDesc:   Windows NT BASE API Client DLL
   FileVer:    10.0.14393.0
   ProdVer:    10.0.14393.0

Module 58
C:\WINDOWS\System32\msvcp_win.dll
Image Base: 0x760f0000  Image Size: 0x0007b000
File Size:  498408      File Time:  2016-07-16_171256
Version:
   Company:    Microsoft Corporation
   Product:    Microsoft® Windows® Operating System
   FileDesc:   Microsoft® C Runtime Library
   FileVer:    10.0.14393.0
   ProdVer:    10.0.14393.0

Module 59
C:\WINDOWS\System32\SHLWAPI.dll
Image Base: 0x76170000  Image Size: 0x00046000
File Size:  284056      File Time:  2016-07-16_171304
Version:
   Company:    Microsoft Corporation
   Product:    Microsoft® Windows® Operating System
   FileDesc:   Shell Light-weight Utility Library
   FileVer:    10.0.14393.0
   ProdVer:    10.0.14393.0

Module 60
C:\WINDOWS\System32\sechost.dll
Image Base: 0x761c0000  Image Size: 0x00041000
File Size:  255168      File Time:  2016-07-16_171250
Version:
   Company:    Microsoft Corporation
   Product:    Microsoft® Windows® Operating System
   FileDesc:   Host for SCM/SDDL/LSA Lookup APIs
   FileVer:    10.0.14393.0
   ProdVer:    10.0.14393.0

Module 61
C:\WINDOWS\System32\ole32.dll
Image Base: 0x76210000  Image Size: 0x000ea000
File Size:  959112      File Time:  2016-12-09_152616
Version:
   Company:    Microsoft Corporation
   Product:    Microsoft® Windows® Operating System
   FileDesc:   Microsoft OLE for Windows
   FileVer:    10.0.14393.576
   ProdVer:    10.0.14393.576

Module 62
C:\WINDOWS\System32\win32u.dll
Image Base: 0x76300000  Image Size: 0x00015000
File Size:  79536       File Time:  2016-09-01_023910
Version:
   Company:    Microsoft Corporation
   Product:    Microsoft® Windows® Operating System
   FileDesc:   Win32u
   FileVer:    10.0.14393.51
   ProdVer:    10.0.14393.51

Module 63
C:\WINDOWS\System32\cfgmgr32.dll
Image Base: 0x76320000  Image Size: 0x00036000
File Size:  213848      File Time:  2016-07-16_171256
Version:
   Company:    Microsoft Corporation
   Product:    Microsoft® Windows® Operating System
   FileDesc:   Configuration Manager DLL
   FileVer:    10.0.14393.0
   ProdVer:    10.0.14393.0

Module 64
C:\WINDOWS\System32\OLEAUT32.dll
Image Base: 0x76360000  Image Size: 0x00094000
File Size:  601712      File Time:  2016-11-02_165300
Version:
   Company:    Microsoft Corporation
   Product:    Microsoft® Windows® Operating System
   FileDesc:   OLEAUT32.DLL
   FileVer:    10.0.14393.447
   ProdVer:    10.0.14393.447

Module 65
C:\WINDOWS\System32\NSI.dll
Image Base: 0x76400000  Image Size: 0x00007000
File Size:  20152       File Time:  2016-07-16_171228
Version:
   Company:    Microsoft Corporation
   Product:    Microsoft® Windows® Operating System
   FileDesc:   NSI User-mode interface DLL
   FileVer:    10.0.14393.0
   ProdVer:    10.0.14393.0

Module 66
C:\WINDOWS\System32\kernel.appcore.dll
Image Base: 0x76420000  Image Size: 0x0000d000
File Size:  43416       File Time:  2016-07-16_171256
Version:
   Company:    Microsoft Corporation
   Product:    Microsoft® Windows® Operating System
   FileDesc:   AppModel API Host
   FileVer:    10.0.14393.0
   ProdVer:    10.0.14393.0

Module 67
C:\WINDOWS\System32\GDI32.dll
Image Base: 0x76450000  Image Size: 0x0002b000
File Size:  170960      File Time:  2016-09-15_225320
Version:
   Company:    Microsoft Corporation
   Product:    Microsoft® Windows® Operating System
   FileDesc:   GDI Client DLL
   FileVer:    10.0.14393.206
   ProdVer:    10.0.14393.206

Module 68
C:\WINDOWS\System32\USER32.dll
Image Base: 0x76480000  Image Size: 0x0015f000
File Size:  1435896     File Time:  2016-12-09_152222
Version:
   Company:    Microsoft Corporation
   Product:    Microsoft® Windows® Operating System
   FileDesc:   Multi-User Windows USER API Client DLL
   FileVer:    10.0.14393.576
   ProdVer:    10.0.14393.576

Module 69
C:\WINDOWS\System32\windows.storage.dll
Image Base: 0x765e0000  Image Size: 0x0056e000
File Size:  5722320     File Time:  2017-03-04_122320
Version:
   Company:    Microsoft Corporation
   Product:    Microsoft® Windows® Operating System
   FileDesc:   Microsoft WinRT Storage API
   FileVer:    10.0.14393.953
   ProdVer:    10.0.14393.953

Module 70
C:\WINDOWS\System32\ADVAPI32.dll
Image Base: 0x76b50000  Image Size: 0x00077000
File Size:  482392      File Time:  2016-07-16_171250
Version:
   Company:    Microsoft Corporation
   Product:    Microsoft® Windows® Operating System
   FileDesc:   Advanced Windows 32 Base API
   FileVer:    10.0.14393.0
   ProdVer:    10.0.14393.0

Module 71
C:\WINDOWS\System32\bcryptPrimitives.dll
Image Base: 0x76bd0000  Image Size: 0x0005a000
File Size:  367208      File Time:  2016-07-16_171228
Version:
   Company:    Microsoft Corporation
   Product:    Microsoft® Windows® Operating System
   FileDesc:   Windows Cryptographic Primitives Library
   FileVer:    10.0.14393.0
   ProdVer:    10.0.14393.0

Module 72
C:\WINDOWS\System32\gdi32full.dll
Image Base: 0x76c30000  Image Size: 0x0015b000
File Size:  1415240     File Time:  2017-03-04_121240
Version:
   Company:    Microsoft Corporation
   Product:    Microsoft® Windows® Operating System
   FileDesc:   GDI Client DLL
   FileVer:    10.0.14393.953
   ProdVer:    10.0.14393.953

Module 73
C:\WINDOWS\System32\RPCRT4.dll
Image Base: 0x76d90000  Image Size: 0x000c1000
File Size:  790760      File Time:  2016-08-06_094746
Version:
   Company:    Microsoft Corporation
   Product:    Microsoft® Windows® Operating System
   FileDesc:   Remote Procedure Call Runtime
   FileVer:    10.0.14393.82
   ProdVer:    10.0.14393.82

Module 74
C:\WINDOWS\System32\clbcatq.dll
Image Base: 0x76e60000  Image Size: 0x00084000
File Size:  528360      File Time:  2016-07-16_171248
Version:
   Company:    Microsoft Corporation
   Product:    Microsoft® Windows® Operating System
   FileDesc:   COM+ Configuration Catalog
   FileVer:    2001.12.10941.16384
   ProdVer:    10.0.14393.0

Module 75
C:\WINDOWS\System32\SETUPAPI.dll
Image Base: 0x76ef0000  Image Size: 0x0040b000
File Size:  4268368     File Time:  2016-07-16_171246
Version:
   Company:    Microsoft Corporation
   Product:    Microsoft® Windows® Operating System
   FileDesc:   Windows Setup API
   FileVer:    10.0.14393.0
   ProdVer:    10.0.14393.0

Module 76
C:\WINDOWS\System32\ucrtbase.dll
Image Base: 0x77300000  Image Size: 0x000e0000
File Size:  918304      File Time:  2016-07-16_171256
Version:
   Company:    Microsoft Corporation
   Product:    Microsoft® Windows® Operating System
   FileDesc:   Microsoft® C Runtime Library
   FileVer:    10.0.14393.0
   ProdVer:    10.0.14393.0

Module 77
C:\WINDOWS\System32\IMM32.dll
Image Base: 0x773e0000  Image Size: 0x00025000
File Size:  144632      File Time:  2016-07-16_171250
Version:
   Company:    Microsoft Corporation
   Product:    Microsoft® Windows® Operating System
   FileDesc:   Multi-User Windows IMM32 API Client DLL
   FileVer:    10.0.14393.0
   ProdVer:    10.0.14393.0

Module 78
C:\WINDOWS\System32\powrprof.dll
Image Base: 0x77410000  Image Size: 0x00045000
File Size:  275832      File Time:  2016-07-16_171256
Version:
   Company:    Microsoft Corporation
   Product:    Microsoft® Windows® Operating System
   FileDesc:   Power Profile Helper DLL
   FileVer:    10.0.14393.0
   ProdVer:    10.0.14393.0

Module 79
C:\WINDOWS\System32\combase.dll
Image Base: 0x774b0000  Image Size: 0x00211000
File Size:  2166752     File Time:  2016-12-09_152926
Version:
   Company:    Microsoft Corporation
   Product:    Microsoft® Windows® Operating System
   FileDesc:   Microsoft COM for Windows
   FileVer:    10.0.14393.576
   ProdVer:    10.0.14393.576

Module 80
C:\WINDOWS\SYSTEM32\ntdll.dll
Image Base: 0x77830000  Image Size: 0x00183000
File Size:  1572768     File Time:  2016-11-11_133000
Version:
   Company:    Microsoft Corporation
   Product:    Microsoft® Windows® Operating System
   FileDesc:   NT Layer DLL
   FileVer:    10.0.14393.479
   ProdVer:    10.0.14393.479


== [end of error.log] ==
